This file contains any messages produced by compilers while
running configure, to aid debugging if configure makes a mistake.

It was created by assignmentplease configure 1.0, which was
generated by GNU Autoconf 2.69.  Invocation command line was

  $ /home/sushmitha/git/assignmentplease/configure 

## --------- ##
## Platform. ##
## --------- ##

hostname = sushmitha-300E4C-300E5C-300E7C
uname -m = x86_64
uname -r = 4.2.0-35-generic
uname -s = Linux
uname -v = #40~14.04.1-Ubuntu SMP Fri Mar 18 16:37:35 UTC 2016

/usr/bin/uname -p = unknown
/bin/uname -X     = unknown

/bin/arch              = unknown
/usr/bin/arch -k       = unknown
/usr/convex/getsysinfo = unknown
/usr/bin/hostinfo      = unknown
/bin/machine           = unknown
/usr/bin/oslevel       = unknown
/bin/universe          = unknown

PATH: /usr/local/sbin
PATH: /usr/local/bin
PATH: /usr/sbin
PATH: /usr/bin
PATH: /sbin
PATH: /bin
PATH: /usr/games
PATH: /usr/local/games


## ----------- ##
## Core tests. ##
## ----------- ##

configure:1836: checking build system type
configure:1850: result: x86_64-unknown-linux-gnu
configure:1870: checking host system type
configure:1883: result: x86_64-unknown-linux-gnu
configure:1903: checking target system type
configure:1916: result: x86_64-unknown-linux-gnu
configure:1959: checking for a BSD-compatible install
configure:2027: result: /usr/bin/install -c
configure:2038: checking whether build environment is sane
configure:2093: result: yes
configure:2244: checking for a thread-safe mkdir -p
configure:2283: result: /bin/mkdir -p
configure:2290: checking for gawk
configure:2306: found /usr/bin/gawk
configure:2317: result: gawk
configure:2328: checking whether make sets $(MAKE)
configure:2350: result: yes
configure:2379: checking whether make supports nested variables
configure:2396: result: yes
configure:2570: checking for gcc
configure:2586: found /usr/bin/gcc
configure:2597: result: gcc
configure:2826: checking for C compiler version
configure:2835: gcc --version >&5
gcc (Ubuntu 4.8.4-2ubuntu1~14.04.1) 4.8.4
Copyright (C) 2013 Free Software Foundation, Inc.
This is free software; see the source for copying conditions.  There is NO
warranty; not even for MERCHANTABILITY or FITNESS FOR A PARTICULAR PURPOSE.

configure:2846: $? = 0
configure:2835: gcc -v >&5
Using built-in specs.
COLLECT_GCC=gcc
COLLECT_LTO_WRAPPER=/usr/lib/gcc/x86_64-linux-gnu/4.8/lto-wrapper
Target: x86_64-linux-gnu
Configured with: ../src/configure -v --with-pkgversion='Ubuntu 4.8.4-2ubuntu1~14.04.1' --with-bugurl=file:///usr/share/doc/gcc-4.8/README.Bugs --enable-languages=c,c++,java,go,d,fortran,objc,obj-c++ --prefix=/usr --program-suffix=-4.8 --enable-shared --enable-linker-build-id --libexecdir=/usr/lib --without-included-gettext --enable-threads=posix --with-gxx-include-dir=/usr/include/c++/4.8 --libdir=/usr/lib --enable-nls --with-sysroot=/ --enable-clocale=gnu --enable-libstdcxx-debug --enable-libstdcxx-time=yes --enable-gnu-unique-object --disable-libmudflap --enable-plugin --with-system-zlib --disable-browser-plugin --enable-java-awt=gtk --enable-gtk-cairo --with-java-home=/usr/lib/jvm/java-1.5.0-gcj-4.8-amd64/jre --enable-java-home --with-jvm-root-dir=/usr/lib/jvm/java-1.5.0-gcj-4.8-amd64 --with-jvm-jar-dir=/usr/lib/jvm-exports/java-1.5.0-gcj-4.8-amd64 --with-arch-directory=amd64 --with-ecj-jar=/usr/share/java/eclipse-ecj.jar --enable-objc-gc --enable-multiarch --disable-werror --with-arch-32=i686 --with-abi=m64 --with-multilib-list=m32,m64,mx32 --with-tune=generic --enable-checking=release --build=x86_64-linux-gnu --host=x86_64-linux-gnu --target=x86_64-linux-gnu
Thread model: posix
gcc version 4.8.4 (Ubuntu 4.8.4-2ubuntu1~14.04.1) 
configure:2846: $? = 0
configure:2835: gcc -V >&5
gcc: error: unrecognized command line option '-V'
gcc: fatal error: no input files
compilation terminated.
configure:2846: $? = 4
configure:2835: gcc -qversion >&5
gcc: error: unrecognized command line option '-qversion'
gcc: fatal error: no input files
compilation terminated.
configure:2846: $? = 4
configure:2866: checking whether the C compiler works
configure:2888: gcc    conftest.c  >&5
configure:2892: $? = 0
configure:2940: result: yes
configure:2943: checking for C compiler default output file name
configure:2945: result: a.out
configure:2951: checking for suffix of executables
configure:2958: gcc -o conftest    conftest.c  >&5
configure:2962: $? = 0
configure:2984: result: 
configure:3006: checking whether we are cross compiling
configure:3014: gcc -o conftest    conftest.c  >&5
configure:3018: $? = 0
configure:3025: ./conftest
configure:3029: $? = 0
configure:3044: result: no
configure:3049: checking for suffix of object files
configure:3071: gcc -c   conftest.c >&5
configure:3075: $? = 0
configure:3096: result: o
configure:3100: checking whether we are using the GNU C compiler
configure:3119: gcc -c   conftest.c >&5
configure:3119: $? = 0
configure:3128: result: yes
configure:3137: checking whether gcc accepts -g
configure:3157: gcc -c -g  conftest.c >&5
configure:3157: $? = 0
configure:3198: result: yes
configure:3215: checking for gcc option to accept ISO C89
configure:3278: gcc  -c -g -O2  conftest.c >&5
configure:3278: $? = 0
configure:3291: result: none needed
configure:3316: checking whether gcc understands -c and -o together
configure:3338: gcc -c conftest.c -o conftest2.o
configure:3341: $? = 0
configure:3338: gcc -c conftest.c -o conftest2.o
configure:3341: $? = 0
configure:3353: result: yes
configure:3381: checking for style of include used by make
configure:3409: result: GNU
configure:3435: checking dependency style of gcc
configure:3546: result: gcc3
configure:3709: checking that generated files are newer than configure
configure:3715: result: done
configure:3738: creating ./config.status

## ---------------------- ##
## Running config.status. ##
## ---------------------- ##

This file was extended by assignmentplease config.status 1.0, which was
generated by GNU Autoconf 2.69.  Invocation command line was

  CONFIG_FILES    = 
  CONFIG_HEADERS  = 
  CONFIG_LINKS    = 
  CONFIG_COMMANDS = 
  $ ./config.status 

on sushmitha-300E4C-300E5C-300E7C

config.status:785: creating Makefile
config.status:785: creating src/Makefile
config.status:957: executing depfiles commands

## ---------------- ##
## Cache variables. ##
## ---------------- ##

ac_cv_build=x86_64-unknown-linux-gnu
ac_cv_c_compiler_gnu=yes
ac_cv_env_CC_set=
ac_cv_env_CC_value=
ac_cv_env_CFLAGS_set=
ac_cv_env_CFLAGS_value=
ac_cv_env_CPPFLAGS_set=
ac_cv_env_CPPFLAGS_value=
ac_cv_env_LDFLAGS_set=
ac_cv_env_LDFLAGS_value=
ac_cv_env_LIBS_set=
ac_cv_env_LIBS_value=
ac_cv_env_build_alias_set=
ac_cv_env_build_alias_value=
ac_cv_env_host_alias_set=
ac_cv_env_host_alias_value=
ac_cv_env_target_alias_set=
ac_cv_env_target_alias_value=
ac_cv_host=x86_64-unknown-linux-gnu
ac_cv_objext=o
ac_cv_path_install='/usr/bin/install -c'
ac_cv_path_mkdir=/bin/mkdir
ac_cv_prog_AWK=gawk
ac_cv_prog_ac_ct_CC=gcc
ac_cv_prog_cc_c89=
ac_cv_prog_cc_g=yes
ac_cv_prog_make_make_set=yes
ac_cv_target=x86_64-unknown-linux-gnu
am_cv_CC_dependencies_compiler_type=gcc3
am_cv_make_support_nested_variables=yes
am_cv_prog_cc_c_o=yes

## ----------------- ##
## Output variables. ##
## ----------------- ##

ACLOCAL='${SHELL} /home/sushmitha/git/assignmentplease/missing aclocal-1.14'
AMDEPBACKSLASH='\'
AMDEP_FALSE='#'
AMDEP_TRUE=''
AMTAR='$${TAR-tar}'
AM_BACKSLASH='\'
AM_DEFAULT_V='$(AM_DEFAULT_VERBOSITY)'
AM_DEFAULT_VERBOSITY='1'
AM_V='$(V)'
AUTOCONF='${SHELL} /home/sushmitha/git/assignmentplease/missing autoconf'
AUTOHEADER='${SHELL} /home/sushmitha/git/assignmentplease/missing autoheader'
AUTOMAKE='${SHELL} /home/sushmitha/git/assignmentplease/missing automake-1.14'
AWK='gawk'
CC='gcc'
CCDEPMODE='depmode=gcc3'
CFLAGS='-g -O2'
CPPFLAGS=''
CYGPATH_W='echo'
DEFS='-DPACKAGE_NAME=\"assignmentplease\" -DPACKAGE_TARNAME=\"assignmentplease\" -DPACKAGE_VERSION=\"1.0\" -DPACKAGE_STRING=\"assignmentplease\ 1.0\" -DPACKAGE_BUGREPORT=\"\" -DPACKAGE_URL=\"\" -DPACKAGE=\"assignmentplease\" -DVERSION=\"1.0\"'
DEPDIR='.deps'
ECHO_C=''
ECHO_N='-n'
ECHO_T=''
EXEEXT=''
INSTALL_DATA='${INSTALL} -m 644'
INSTALL_PROGRAM='${INSTALL}'
INSTALL_SCRIPT='${INSTALL}'
INSTALL_STRIP_PROGRAM='$(install_sh) -c -s'
LDFLAGS=''
LIBOBJS=''
LIBS=''
LTLIBOBJS=''
MAKEINFO='${SHELL} /home/sushmitha/git/assignmentplease/missing makeinfo'
MKDIR_P='/bin/mkdir -p'
OBJEXT='o'
PACKAGE='assignmentplease'
PACKAGE_BUGREPORT=''
PACKAGE_NAME='assignmentplease'
PACKAGE_STRING='assignmentplease 1.0'
PACKAGE_TARNAME='assignmentplease'
PACKAGE_URL=''
PACKAGE_VERSION='1.0'
PATH_SEPARATOR=':'
SET_MAKE=''
SHELL='/bin/bash'
STRIP=''
VERSION='1.0'
ac_ct_CC='gcc'
am__EXEEXT_FALSE=''
am__EXEEXT_TRUE='#'
am__fastdepCC_FALSE='#'
am__fastdepCC_TRUE=''
am__include='include'
am__isrc=''
am__leading_dot='.'
am__nodep='_no'
am__quote=''
am__tar='$${TAR-tar} chof - "$$tardir"'
am__untar='$${TAR-tar} xf -'
bindir='${exec_prefix}/bin'
build='x86_64-unknown-linux-gnu'
build_alias=''
build_cpu='x86_64'
build_os='linux-gnu'
build_vendor='unknown'
datadir='${datarootdir}'
datarootdir='${prefix}/share'
docdir='${datarootdir}/doc/${PACKAGE_TARNAME}'
dvidir='${docdir}'
exec_prefix='${prefix}'
host='x86_64-unknown-linux-gnu'
host_alias=''
host_cpu='x86_64'
host_os='linux-gnu'
host_vendor='unknown'
htmldir='${docdir}'
includedir='${prefix}/include'
infodir='${datarootdir}/info'
install_sh='${SHELL} /home/sushmitha/git/assignmentplease/install-sh'
libdir='${exec_prefix}/lib'
libexecdir='${exec_prefix}/libexec'
localedir='${datarootdir}/locale'
localstatedir='${prefix}/var'
mandir='${datarootdir}/man'
mkdir_p='$(MKDIR_P)'
oldincludedir='/usr/include'
pdfdir='${docdir}'
prefix='/usr/local'
program_transform_name='s,x,x,'
psdir='${docdir}'
sbindir='${exec_prefix}/sbin'
sharedstatedir='${prefix}/com'
sysconfdir='${prefix}/etc'
target='x86_64-unknown-linux-gnu'
target_alias=''
target_cpu='x86_64'
target_os='linux-gnu'
target_vendor='unknown'

## ----------- ##
## confdefs.h. ##
## ----------- ##

/* confdefs.h */
#define PACKAGE_NAME "assignmentplease"
#define PACKAGE_TARNAME "assignmentplease"
#define PACKAGE_VERSION "1.0"
#define PACKAGE_STRING "assignmentplease 1.0"
#define PACKAGE_BUGREPORT ""
#define PACKAGE_URL ""
#define PACKAGE "assignmentplease"
#define VERSION "1.0"

configure: exit 0
